<node>
	<input>'aList': [-3, -1, 1, 3, 6, 8, 10], 'last': 6, 'first': 0</input>
	<children>
		<node>
			<input>'aList': [-3, -1, 1, 3, 6, 8, 10], 'last': 3, 'first': 0</input>
			<children>
				<node>
					<input>'aList': [-3, -1, 1, 3, 6, 8, 10], 'last': 1, 'first': 0</input>
					<children>
						<node>
							<input>'aList': [-3, -1, 1, 3, 6, 8, 10], 'last': 0, 'first': 0</input>
							<children>
							</children>
						</node>
						<node>
							<input>'aList': [-3, -1, 1, 3, 6, 8, 10], 'last': 1, 'first': 1</input>
							<children>
							</children>
						</node>
					</children>
				</node>
				<node>
					<input>'aList': [-3, -1, 1, 3, 6, 8, 10], 'last': 3, 'first': 2</input>
					<children>
						<node>
							<input>'aList': [-3, -1, 1, 3, 6, 8, 10], 'last': 2, 'first': 2</input>
							<children>
							</children>
						</node>
						<node>
							<input>'aList': [-3, -1, 1, 3, 6, 8, 10], 'last': 3, 'first': 3</input>
							<children>
							</children>
						</node>
					</children>
				</node>
			</children>
		</node>
		<node>
			<input>'aList': [-3, -1, 1, 3, 6, 8, 10], 'last': 6, 'first': 4</input>
			<children>
				<node>
					<input>'aList': [-3, -1, 1, 3, 6, 8, 10], 'last': 5, 'first': 4</input>
					<children>
						<node>
							<input>'aList': [-3, -1, 1, 3, 6, 8, 10], 'last': 4, 'first': 4</input>
							<children>
							</children>
						</node>
						<node>
							<input>'aList': [-3, -1, 1, 3, 6, 8, 10], 'last': 5, 'first': 5</input>
							<children>
							</children>
						</node>
					</children>
				</node>
				<node>
					<input>'aList': [-3, -1, 1, 3, 6, 8, 10], 'last': 6, 'first': 6</input>
					<children>
					</children>
				</node>
			</children>
		</node>
	</children>
</node>
<node>
	<input>'n': 5</input>
	<children>
		<node>
			<input>'n': 4</input>
			<children>
				<node>
					<input>'n': 3</input>
					<children>
						<node>
							<input>'n': 2</input>
							<children>
								<node>
									<input>'n': 1</input>
									<children>
										<output>1</output>
									</children>
								</node>
								<node>
									<input>'n': 0</input>
									<children>
										<output>0</output>
									</children>
								</node>
								<output>1</output>
							</children>
						</node>
						<node>
							<input>'n': 1</input>
							<children>
								<output>1</output>
							</children>
						</node>
						<output>2</output>
					</children>
				</node>
				<node>
					<input>'n': 2</input>
					<children>
						<node>
							<input>'n': 1</input>
							<children>
								<output>1</output>
							</children>
						</node>
						<node>
							<input>'n': 0</input>
							<children>
								<output>0</output>
							</children>
						</node>
						<output>1</output>
					</children>
				</node>
				<output>3</output>
			</children>
		</node>
		<node>
			<input>'n': 3</input>
			<children>
				<node>
					<input>'n': 2</input>
					<children>
						<node>
							<input>'n': 1</input>
							<children>
								<output>1</output>
							</children>
						</node>
						<node>
							<input>'n': 0</input>
							<children>
								<output>0</output>
							</children>
						</node>
						<output>1</output>
					</children>
				</node>
				<node>
					<input>'n': 1</input>
					<children>
						<output>1</output>
					</children>
				</node>
				<output>2</output>
			</children>
		</node>
		<output>5</output>
	</children>
</node>
<node>
	<input>'high': None, 'items': [-3, -1, 3, 6, 8, 9, 12], 'low': 0, 'value': 6</input>
	<children>
		<node>
			<input>'high': 7, 'items': [-3, -1, 3, 6, 8, 9, 12], 'low': 2, 'value': 6</input>
			<children>
				<node>
					<input>'high': 7, 'items': [-3, -1, 3, 6, 8, 9, 12], 'low': 3, 'value': 6</input>
					<children>
					</children>
				</node>
			</children>
		</node>
	</children>
</node>
<node>
	<input>'n': 7</input>
	<children>
		<node>
			<input>'n': 6</input>
			<children>
				<node>
					<input>'n': 5</input>
					<children>
						<node>
							<input>'n': 4</input>
							<children>
								<node>
									<input>'n': 3</input>
									<children>
										<node>
											<input>'n': 2</input>
											<children>
												<node>
													<input>'n': 1</input>
													<children>
														<node>
															<input>'n': 0</input>
															<children>
																<output>1</output>
															</children>
														</node>
														<output>1</output>
													</children>
												</node>
												<output>2</output>
											</children>
										</node>
										<output>6</output>
									</children>
								</node>
								<output>24</output>
							</children>
						</node>
						<output>120</output>
					</children>
				</node>
				<output>720</output>
			</children>
		</node>
		<output>5040</output>
	</children>
</node>
